<?xml version="1.0" encoding="UTF-8"?>
<testsuite xmlns:xsi="http://www.w3.org/2001/XMLSchema-instance" xsi:schemaLocation="https://maven.apache.org/surefire/maven-surefire-plugin/xsd/surefire-test-report.xsd" name="runner.RunnerTest" time="7.012" tests="43" errors="0" skipped="0" failures="0">
  <properties>
[...]
</properties>
  <testcase name="Dado que o usuário deseja salvar um novo processo" classname="Cenário: Cadastro de Processo - POST" time="0.005"/>
  <testcase name="E o usuário informar no campo &quot;vara&quot; o valor &quot;3&quot;" classname="Cenário: Cadastro de Processo - POST" time="0"/>
  <testcase name="E o usuário informar no campo &quot;numero_processo&quot; o valor &quot;4&quot;" classname="Cenário: Cadastro de Processo - POST" time="0"/>
  <testcase name="E o usuário informar no campo &quot;natureza&quot; o valor &quot;Guarda&quot;" classname="Cenário: Cadastro de Processo - POST" time="0"/>
  <testcase name="E o usuário informar no campo &quot;partes&quot; o valor &quot;Jose x Maria&quot;" classname="Cenário: Cadastro de Processo - POST" time="0"/>
  <testcase name="E o usuário informar no campo &quot;urgente&quot; o valor &quot;N&quot;" classname="Cenário: Cadastro de Processo - POST" time="0"/>
  <testcase name="E o usuário informar no campo &quot;arbitramento&quot; o valor &quot;S&quot;" classname="Cenário: Cadastro de Processo - POST" time="0"/>
  <testcase name="E o usuário informar no campo &quot;assistente_social&quot; o valor &quot;Gisele&quot;" classname="Cenário: Cadastro de Processo - POST" time="0"/>
  <testcase name="E o usuário informar no campo &quot;data_entrada&quot; o valor &quot;20/10/2020&quot;" classname="Cenário: Cadastro de Processo - POST" time="0"/>
  <testcase name="E o usuário informar no campo &quot;data_saida&quot; o valor &quot;&quot;" classname="Cenário: Cadastro de Processo - POST" time="0"/>
  <testcase name="E o usuário informar no campo &quot;data_agendamento&quot; o valor &quot;&quot;" classname="Cenário: Cadastro de Processo - POST" time="0"/>
  <testcase name="E o usuário informar no campo &quot;status&quot; o valor &quot;Aguardando&quot;" classname="Cenário: Cadastro de Processo - POST" time="0"/>
  <testcase name="E o usuário informar no campo &quot;observacao&quot; o valor &quot;&quot;" classname="Cenário: Cadastro de Processo - POST" time="0.001"/>
  <testcase name="Quando o usuário clicar em salvar" classname="Cenário: Cadastro de Processo - POST" time="0"/>
  <testcase name="Então o usuário deveria ver a mensagem &quot;Processo cadastrado com sucesso&quot;" classname="Cenário: Cadastro de Processo - POST" time="0"/>
  <testcase name="Cenário: Cadastro de Processo - POST" classname="Cenário: Cadastro de Processo - POST" time="0.002"/>
  <testcase name="Dado que o usuário deseja salvar um novo processo" classname="Cenário: Consulta de Processo - GET" time="0.001"/>
  <testcase name="E o usuário informar no campo &quot;vara&quot; o valor &quot;3&quot;" classname="Cenário: Consulta de Processo - GET" time="0.001"/>
  <testcase name="E o usuário informar no campo &quot;numero_processo&quot; o valor &quot;4&quot;" classname="Cenário: Consulta de Processo - GET" time="0"/>
  <testcase name="E o usuário informar no campo &quot;natureza&quot; o valor &quot;Guarda&quot;" classname="Cenário: Consulta de Processo - GET" time="0"/>
  <testcase name="E o usuário informar no campo &quot;partes&quot; o valor &quot;Jose x Maria&quot;" classname="Cenário: Consulta de Processo - GET" time="0"/>
  <testcase name="E o usuário informar no campo &quot;urgente&quot; o valor &quot;N&quot;" classname="Cenário: Consulta de Processo - GET" time="0"/>
  <testcase name="E o usuário informar no campo &quot;arbitramento&quot; o valor &quot;S&quot;" classname="Cenário: Consulta de Processo - GET" time="0.002"/>
  <testcase name="E o usuário informar no campo &quot;assistente_social&quot; o valor &quot;Gisele&quot;" classname="Cenário: Consulta de Processo - GET" time="0.001"/>
  <testcase name="E o usuário informar no campo &quot;data_entrada&quot; o valor &quot;20/10/2020&quot;" classname="Cenário: Consulta de Processo - GET" time="0"/>
  <testcase name="E o usuário informar no campo &quot;data_saida&quot; o valor &quot;&quot;" classname="Cenário: Consulta de Processo - GET" time="0"/>
  <testcase name="E o usuário informar no campo &quot;data_agendamento&quot; o valor &quot;&quot;" classname="Cenário: Consulta de Processo - GET" time="0"/>
  <testcase name="E o usuário informar no campo &quot;status&quot; o valor &quot;Aguardando&quot;" classname="Cenário: Consulta de Processo - GET" time="0"/>
  <testcase name="E o usuário informar no campo &quot;observacao&quot; o valor &quot;&quot;" classname="Cenário: Consulta de Processo - GET" time="0"/>
  <testcase name="E o usuário clicar no botão salvar" classname="Cenário: Consulta de Processo - GET" time="0"/>
  <testcase name="Quando o usuário clicar no botão consultar do cadastro" classname="Cenário: Consulta de Processo - GET" time="0.001"/>
  <testcase name="Entao o usuário deveria ver a mensagem &quot;Processo consultado com sucesso&quot;" classname="Cenário: Consulta de Processo - GET" time="0"/>
  <testcase name="E o usuário deverá ver no campo &quot;vara&quot; o valor &quot;3&quot;" classname="Cenário: Consulta de Processo - GET" time="0"/>
  <testcase name="E o usuário deverá ver no campo &quot;numero_processo&quot; o valor &quot;4&quot;" classname="Cenário: Consulta de Processo - GET" time="0"/>
  <testcase name="E o usuário deverá ver no campo &quot;natureza&quot; o valor &quot;Guarda&quot;" classname="Cenário: Consulta de Processo - GET" time="0"/>
  <testcase name="E o usuário deverá ver no campo &quot;partes&quot; o valor &quot;Jose x Maria&quot;" classname="Cenário: Consulta de Processo - GET" time="0"/>
  <testcase name="E o usuário deverá ver no campo &quot;urgente&quot; o valor &quot;N&quot;" classname="Cenário: Consulta de Processo - GET" time="0"/>
  <testcase name="E o usuário deverá ver no campo &quot;arbitramento&quot; o valor &quot;S&quot;" classname="Cenário: Consulta de Processo - GET" time="0"/>
  <testcase name="E o usuário deverá ver no campo &quot;assistente_social&quot; o valor &quot;Gisele&quot;" classname="Cenário: Consulta de Processo - GET" time="0"/>
  <testcase name="E o usuário deverá ver no campo &quot;data_entrada&quot; o valor &quot;2020-10-20&quot;" classname="Cenário: Consulta de Processo - GET" time="0"/>
  <testcase name="E o usuário deverá ver no campo &quot;status&quot; o valor &quot;Aguardando&quot;" classname="Cenário: Consulta de Processo - GET" time="0"/>
  <testcase name="E o usuário deverá ver no campo &quot;observacao&quot; o valor &quot;&quot;" classname="Cenário: Consulta de Processo - GET" time="0"/>
  <testcase name="Cenário: Consulta de Processo - GET" classname="Cenário: Consulta de Processo - GET" time="0"/>
</testsuite>